<?xml version="1.0" encoding="UTF-8"?>
<robot generator="Robot 4.1.3 (Python 3.10.1 on win32)" generated="20220922 08:54:16.604" rpa="false" schemaversion="2">
<suite id="s1" name="Admin Settings" source="C:\Users\Alejandro\Desktop\Profile_AdminSettings\Admin_Settings.robot">
<kw name="Open App" library="Keywords" type="SETUP">
<kw name="Open Application" library="AppiumLibrary">
<arg>${url}</arg>
<arg>platformName=${PlatFormName}</arg>
<arg>platformVersion=${PlatFormVersion}</arg>
<arg>deviceName=${DeviceName}</arg>
<arg>automationName=UiAutomator2</arg>
<arg>newCommandTimeout=2500</arg>
<arg>noReset=True</arg>
<arg>activateName=${Activity_NAME}</arg>
<arg>packageName=${PACKAGE_NAME}</arg>
<doc>Opens a new application to given Appium server.
Capabilities of appium server, Android and iOS,
Please check https://github.com/appium/appium/blob/master/docs/en/writing-running-appium/server-args.md
| *Option*            | *Man.* | *Description*     |
| remote_url          | Yes    | Appium server url |
| alias               | no     | alias             |</doc>
<status status="PASS" starttime="20220922 08:54:16.771" endtime="20220922 08:54:31.543"/>
</kw>
<status status="PASS" starttime="20220922 08:54:16.771" endtime="20220922 08:54:31.543"/>
</kw>
<test id="s1-t1" name="Test Profile Admin_Settings">
<kw name="Open App" library="Keywords">
<kw name="Open Application" library="AppiumLibrary">
<arg>${url}</arg>
<arg>platformName=${PlatFormName}</arg>
<arg>platformVersion=${PlatFormVersion}</arg>
<arg>deviceName=${DeviceName}</arg>
<arg>automationName=UiAutomator2</arg>
<arg>newCommandTimeout=2500</arg>
<arg>noReset=True</arg>
<arg>activateName=${Activity_NAME}</arg>
<arg>packageName=${PACKAGE_NAME}</arg>
<doc>Opens a new application to given Appium server.
Capabilities of appium server, Android and iOS,
Please check https://github.com/appium/appium/blob/master/docs/en/writing-running-appium/server-args.md
| *Option*            | *Man.* | *Description*     |
| remote_url          | Yes    | Appium server url |
| alias               | no     | alias             |</doc>
<status status="PASS" starttime="20220922 08:54:31.544" endtime="20220922 08:54:44.798"/>
</kw>
<status status="PASS" starttime="20220922 08:54:31.544" endtime="20220922 08:54:44.798"/>
</kw>
<kw name="Home - Admin Settings" library="Keywords">
<kw name="Press Keycode" library="AppiumLibrary">
<arg>20</arg>
<doc>Sends a press of keycode to the device.</doc>
<status status="PASS" starttime="20220922 08:54:44.799" endtime="20220922 08:54:45.055"/>
</kw>
<kw name="Press Keycode" library="AppiumLibrary">
<arg>20</arg>
<doc>Sends a press of keycode to the device.</doc>
<status status="PASS" starttime="20220922 08:54:45.055" endtime="20220922 08:54:45.738"/>
</kw>
<kw name="Press Keycode" library="AppiumLibrary">
<arg>20</arg>
<doc>Sends a press of keycode to the device.</doc>
<status status="PASS" starttime="20220922 08:54:45.738" endtime="20220922 08:54:46.513"/>
</kw>
<kw name="Press Keycode" library="AppiumLibrary">
<arg>20</arg>
<doc>Sends a press of keycode to the device.</doc>
<status status="PASS" starttime="20220922 08:54:46.513" endtime="20220922 08:54:47.282"/>
</kw>
<kw name="Press Keycode" library="AppiumLibrary">
<arg>8</arg>
<doc>Sends a press of keycode to the device.</doc>
<status status="PASS" starttime="20220922 08:54:47.282" endtime="20220922 08:54:47.964"/>
</kw>
<kw name="Press Keycode" library="AppiumLibrary">
<arg>10</arg>
<doc>Sends a press of keycode to the device.</doc>
<status status="PASS" starttime="20220922 08:54:47.964" endtime="20220922 08:54:48.040"/>
</kw>
<kw name="Press Keycode" library="AppiumLibrary">
<arg>10</arg>
<doc>Sends a press of keycode to the device.</doc>
<status status="PASS" starttime="20220922 08:54:48.040" endtime="20220922 08:54:48.126"/>
</kw>
<kw name="Press Keycode" library="AppiumLibrary">
<arg>14</arg>
<doc>Sends a press of keycode to the device.</doc>
<status status="PASS" starttime="20220922 08:54:48.126" endtime="20220922 08:54:48.236"/>
</kw>
<kw name="Wait Until Element Is Visible" library="AppiumLibrary">
<arg>id=com.sentrics.engage360:id/tvAppName</arg>
<doc>Waits until element specified with `locator` is visible.</doc>
<status status="PASS" starttime="20220922 08:54:48.236" endtime="20220922 08:54:48.943"/>
</kw>
<kw name="Element Should Be Visible" library="AppiumLibrary">
<arg>id=com.sentrics.engage360:id/tvAppName</arg>
<arg>Profile</arg>
<doc>Verifies that element identified with locator is visible.</doc>
<status status="PASS" starttime="20220922 08:54:48.943" endtime="20220922 08:54:49.066"/>
</kw>
<status status="PASS" starttime="20220922 08:54:44.798" endtime="20220922 08:54:49.066"/>
</kw>
<tag>Automation</tag>
<status status="PASS" starttime="20220922 08:54:31.543" endtime="20220922 08:54:49.067"/>
</test>
<kw name="Close All Applications" library="AppiumLibrary" type="TEARDOWN">
<doc>Closes all open applications.</doc>
<status status="PASS" starttime="20220922 08:54:49.068" endtime="20220922 08:54:49.183"/>
</kw>
<status status="PASS" starttime="20220922 08:54:16.605" endtime="20220922 08:54:49.184"/>
</suite>
<statistics>
<total>
<stat pass="1" fail="0" skip="0">All Tests</stat>
</total>
<tag>
<stat pass="1" fail="0" skip="0">Automation</stat>
</tag>
<suite>
<stat pass="1" fail="0" skip="0" id="s1" name="Admin Settings">Admin Settings</stat>
</suite>
</statistics>
<errors>
</errors>
</robot>
