<?xml version="1.0" encoding="UTF-8"?>
<robot generator="Robot 4.1.3 (Python 3.10.1 on win32)" generated="20221011 17:32:48.584" rpa="false" schemaversion="2">
<suite id="s1" name="NGG-TC-35-39 Admin Settings" source="C:\Users\Alejandro\Desktop\Profile_AdminSettings\NGG-TC-35-39 Admin_Settings.robot">
<kw name="Open App" library="Keywords" type="SETUP">
<kw name="Open Application" library="AppiumLibrary">
<arg>${url}</arg>
<arg>platformName=${PlatFormName}</arg>
<arg>platformVersion=${PlatFormVersion}</arg>
<arg>deviceName=${DeviceName}</arg>
<arg>automationName=UiAutomator2</arg>
<arg>newCommandTimeout=2500</arg>
<arg>noReset=True</arg>
<arg>activateName=${Activity_NAME}</arg>
<arg>packageName=${PACKAGE_NAME}</arg>
<doc>Opens a new application to given Appium server.
Capabilities of appium server, Android and iOS,
Please check https://github.com/appium/appium/blob/master/docs/en/writing-running-appium/server-args.md
| *Option*            | *Man.* | *Description*     |
| remote_url          | Yes    | Appium server url |
| alias               | no     | alias             |</doc>
<status status="PASS" starttime="20221011 17:32:49.340" endtime="20221011 17:33:09.298"/>
</kw>
<status status="PASS" starttime="20221011 17:32:49.339" endtime="20221011 17:33:09.298"/>
</kw>
<test id="s1-t1" name="Test Profile Admin_Settings">
<kw name="Open App" library="Keywords">
<kw name="Open Application" library="AppiumLibrary">
<arg>${url}</arg>
<arg>platformName=${PlatFormName}</arg>
<arg>platformVersion=${PlatFormVersion}</arg>
<arg>deviceName=${DeviceName}</arg>
<arg>automationName=UiAutomator2</arg>
<arg>newCommandTimeout=2500</arg>
<arg>noReset=True</arg>
<arg>activateName=${Activity_NAME}</arg>
<arg>packageName=${PACKAGE_NAME}</arg>
<doc>Opens a new application to given Appium server.
Capabilities of appium server, Android and iOS,
Please check https://github.com/appium/appium/blob/master/docs/en/writing-running-appium/server-args.md
| *Option*            | *Man.* | *Description*     |
| remote_url          | Yes    | Appium server url |
| alias               | no     | alias             |</doc>
<status status="PASS" starttime="20221011 17:33:09.299" endtime="20221011 17:33:26.650"/>
</kw>
<status status="PASS" starttime="20221011 17:33:09.299" endtime="20221011 17:33:26.650"/>
</kw>
<kw name="Home Admin Settings" library="Keywords">
<kw name="Press Keycode" library="AppiumLibrary">
<arg>20</arg>
<doc>Sends a press of keycode to the device.</doc>
<status status="PASS" starttime="20221011 17:33:26.651" endtime="20221011 17:33:26.831"/>
</kw>
<kw name="Press Keycode" library="AppiumLibrary">
<arg>20</arg>
<doc>Sends a press of keycode to the device.</doc>
<status status="PASS" starttime="20221011 17:33:26.831" endtime="20221011 17:33:27.565"/>
</kw>
<kw name="Press Keycode" library="AppiumLibrary">
<arg>20</arg>
<doc>Sends a press of keycode to the device.</doc>
<status status="PASS" starttime="20221011 17:33:27.565" endtime="20221011 17:33:28.360"/>
</kw>
<kw name="Press Keycode" library="AppiumLibrary">
<arg>20</arg>
<doc>Sends a press of keycode to the device.</doc>
<status status="PASS" starttime="20221011 17:33:28.361" endtime="20221011 17:33:29.123"/>
</kw>
<kw name="Press Keycode" library="AppiumLibrary">
<arg>8</arg>
<doc>Sends a press of keycode to the device.</doc>
<status status="PASS" starttime="20221011 17:33:29.123" endtime="20221011 17:33:29.845"/>
</kw>
<kw name="Press Keycode" library="AppiumLibrary">
<arg>10</arg>
<doc>Sends a press of keycode to the device.</doc>
<status status="PASS" starttime="20221011 17:33:29.845" endtime="20221011 17:33:30.510"/>
</kw>
<kw name="Press Keycode" library="AppiumLibrary">
<arg>10</arg>
<doc>Sends a press of keycode to the device.</doc>
<status status="PASS" starttime="20221011 17:33:30.510" endtime="20221011 17:33:30.597"/>
</kw>
<kw name="Press Keycode" library="AppiumLibrary">
<arg>14</arg>
<doc>Sends a press of keycode to the device.</doc>
<status status="PASS" starttime="20221011 17:33:30.599" endtime="20221011 17:33:30.792"/>
</kw>
<kw name="Wait Until Element Is Visible" library="AppiumLibrary">
<arg>id=com.sentrics.engage360:id/tvAppName</arg>
<doc>Waits until element specified with `locator` is visible.</doc>
<status status="PASS" starttime="20221011 17:33:30.793" endtime="20221011 17:33:32.107"/>
</kw>
<kw name="Element Should Be Visible" library="AppiumLibrary">
<arg>id=com.sentrics.engage360:id/tvAppName</arg>
<arg>Profile</arg>
<doc>Verifies that element identified with locator is visible.</doc>
<status status="PASS" starttime="20221011 17:33:32.108" endtime="20221011 17:33:32.232"/>
</kw>
<status status="PASS" starttime="20221011 17:33:26.651" endtime="20221011 17:33:32.233"/>
</kw>
<kw name="App Version Admin Settings" library="Keywords">
<kw name="Wait Until Element Is Visible" library="AppiumLibrary">
<arg>id=com.sentrics.engage360:id/tvAppName</arg>
<doc>Waits until element specified with `locator` is visible.</doc>
<status status="PASS" starttime="20221011 17:33:32.234" endtime="20221011 17:33:32.359"/>
</kw>
<kw name="Element Should Be Visible" library="AppiumLibrary">
<arg>id=com.sentrics.engage360:id/tvAppName</arg>
<arg>Back Up / Restore</arg>
<doc>Verifies that element identified with locator is visible.</doc>
<status status="PASS" starttime="20221011 17:33:32.359" endtime="20221011 17:33:32.474"/>
</kw>
<kw name="Wait Until Element Is Visible" library="AppiumLibrary">
<arg>id=com.sentrics.engage360:id/tvAppName</arg>
<doc>Waits until element specified with `locator` is visible.</doc>
<status status="PASS" starttime="20221011 17:33:32.474" endtime="20221011 17:33:32.602"/>
</kw>
<kw name="Element Should Be Visible" library="AppiumLibrary">
<arg>id=com.sentrics.engage360:id/tvAppName</arg>
<arg>App Version</arg>
<doc>Verifies that element identified with locator is visible.</doc>
<status status="PASS" starttime="20221011 17:33:32.602" endtime="20221011 17:33:32.720"/>
</kw>
<kw name="Press Keycode" library="AppiumLibrary">
<arg>22</arg>
<doc>Sends a press of keycode to the device.</doc>
<status status="PASS" starttime="20221011 17:33:32.720" endtime="20221011 17:33:32.798"/>
</kw>
<kw name="Press Keycode" library="AppiumLibrary">
<arg>23</arg>
<doc>Sends a press of keycode to the device.</doc>
<status status="PASS" starttime="20221011 17:33:32.798" endtime="20221011 17:33:33.448"/>
</kw>
<kw name="Wait Until Element Is Visible" library="AppiumLibrary">
<arg>id=com.sentrics.engage360:id/tvAppVersionInstalledLabel</arg>
<doc>Waits until element specified with `locator` is visible.</doc>
<status status="PASS" starttime="20221011 17:33:33.449" endtime="20221011 17:33:35.170"/>
</kw>
<kw name="Wait Until Element Is Visible" library="AppiumLibrary">
<arg>id=com.sentrics.engage360:id/btnUpdateManager</arg>
<doc>Waits until element specified with `locator` is visible.</doc>
<status status="PASS" starttime="20221011 17:33:35.171" endtime="20221011 17:33:35.823"/>
</kw>
<kw name="Press Keycode" library="AppiumLibrary">
<arg>4</arg>
<doc>Sends a press of keycode to the device.</doc>
<status status="PASS" starttime="20221011 17:33:35.823" endtime="20221011 17:33:35.947"/>
</kw>
<status status="PASS" starttime="20221011 17:33:32.234" endtime="20221011 17:33:35.947"/>
</kw>
<kw name="Tuning File Reader Admin Settings" library="Keywords">
<kw name="Wait Until Element Is Visible" library="AppiumLibrary">
<arg>id=com.sentrics.engage360:id/tvAppName</arg>
<doc>Waits until element specified with `locator` is visible.</doc>
<status status="PASS" starttime="20221011 17:33:35.949" endtime="20221011 17:33:36.989"/>
</kw>
<kw name="Element Should Be Visible" library="AppiumLibrary">
<arg>id=com.sentrics.engage360:id/tvAppName</arg>
<arg>Back Up / Restore</arg>
<doc>Verifies that element identified with locator is visible.</doc>
<status status="PASS" starttime="20221011 17:33:36.990" endtime="20221011 17:33:37.147"/>
</kw>
<kw name="Press Keycode" library="AppiumLibrary">
<arg>20</arg>
<doc>Sends a press of keycode to the device.</doc>
<status status="PASS" starttime="20221011 17:33:37.148" endtime="20221011 17:33:37.249"/>
</kw>
<kw name="Press Keycode" library="AppiumLibrary">
<arg>20</arg>
<doc>Sends a press of keycode to the device.</doc>
<status status="PASS" starttime="20221011 17:33:37.249" endtime="20221011 17:33:37.867"/>
</kw>
<kw name="Press Keycode" library="AppiumLibrary">
<arg>22</arg>
<doc>Sends a press of keycode to the device.</doc>
<status status="PASS" starttime="20221011 17:33:37.867" endtime="20221011 17:33:38.595"/>
</kw>
<kw name="Press Keycode" library="AppiumLibrary">
<arg>23</arg>
<doc>Sends a press of keycode to the device.</doc>
<status status="PASS" starttime="20221011 17:33:38.595" endtime="20221011 17:33:39.253"/>
</kw>
<kw name="Wait Until Element Is Visible" library="AppiumLibrary">
<arg>id=com.sentrics.engage360:id/btnLoadFromFile</arg>
<doc>Waits until element specified with `locator` is visible.</doc>
<status status="PASS" starttime="20221011 17:33:39.253" endtime="20221011 17:33:40.991"/>
</kw>
<kw name="Element Should Be Visible" library="AppiumLibrary">
<arg>id=com.sentrics.engage360:id/btnLoadFromFile</arg>
<arg>FROM FILE</arg>
<doc>Verifies that element identified with locator is visible.</doc>
<status status="PASS" starttime="20221011 17:33:40.991" endtime="20221011 17:33:41.115"/>
</kw>
<kw name="Press Keycode" library="AppiumLibrary">
<arg>4</arg>
<doc>Sends a press of keycode to the device.</doc>
<status status="PASS" starttime="20221011 17:33:41.115" endtime="20221011 17:33:41.212"/>
</kw>
<kw name="Wait Until Element Is Visible" library="AppiumLibrary">
<arg>id=com.sentrics.engage360:id/tvAppName</arg>
<doc>Waits until element specified with `locator` is visible.</doc>
<status status="PASS" starttime="20221011 17:33:41.213" endtime="20221011 17:33:42.213"/>
</kw>
<kw name="Element Should Be Visible" library="AppiumLibrary">
<arg>id=com.sentrics.engage360:id/tvAppName</arg>
<arg>Back Up / Restore</arg>
<doc>Verifies that element identified with locator is visible.</doc>
<status status="PASS" starttime="20221011 17:33:42.213" endtime="20221011 17:33:42.350"/>
</kw>
<status status="PASS" starttime="20221011 17:33:35.948" endtime="20221011 17:33:42.351"/>
</kw>
<kw name="Unsubscribe Admin Settings" library="Keywords">
<kw name="Press Keycode" library="AppiumLibrary">
<arg>20</arg>
<doc>Sends a press of keycode to the device.</doc>
<status status="PASS" starttime="20221011 17:33:42.352" endtime="20221011 17:33:42.457"/>
</kw>
<kw name="Press Keycode" library="AppiumLibrary">
<arg>20</arg>
<doc>Sends a press of keycode to the device.</doc>
<status status="PASS" starttime="20221011 17:33:42.458" endtime="20221011 17:33:43.054"/>
</kw>
<kw name="Press Keycode" library="AppiumLibrary">
<arg>23</arg>
<doc>Sends a press of keycode to the device.</doc>
<status status="PASS" starttime="20221011 17:33:43.054" endtime="20221011 17:33:43.845"/>
</kw>
<kw name="Wait Until Element Is Visible" library="AppiumLibrary">
<arg>id=android:id/button2</arg>
<doc>Waits until element specified with `locator` is visible.</doc>
<status status="PASS" starttime="20221011 17:33:43.845" endtime="20221011 17:33:45.471"/>
</kw>
<kw name="Element Should Be Visible" library="AppiumLibrary">
<arg>id=android:id/button2</arg>
<arg>NO</arg>
<doc>Verifies that element identified with locator is visible.</doc>
<status status="PASS" starttime="20221011 17:33:45.471" endtime="20221011 17:33:45.557"/>
</kw>
<kw name="Press Keycode" library="AppiumLibrary">
<arg>23</arg>
<doc>Sends a press of keycode to the device.</doc>
<status status="PASS" starttime="20221011 17:33:45.558" endtime="20221011 17:33:45.601"/>
</kw>
<kw name="Press Keycode" library="AppiumLibrary">
<arg>4</arg>
<doc>Sends a press of keycode to the device.</doc>
<status status="PASS" starttime="20221011 17:33:45.602" endtime="20221011 17:33:46.163"/>
</kw>
<kw name="Wait Until Element Is Visible" library="AppiumLibrary">
<arg>id=com.sentrics.engage360:id/tvAppName</arg>
<doc>Waits until element specified with `locator` is visible.</doc>
<status status="PASS" starttime="20221011 17:33:46.164" endtime="20221011 17:33:46.944"/>
</kw>
<kw name="Element Should Be Visible" library="AppiumLibrary">
<arg>id=com.sentrics.engage360:id/tvAppName</arg>
<arg>Back Up / Restore</arg>
<doc>Verifies that element identified with locator is visible.</doc>
<status status="PASS" starttime="20221011 17:33:46.944" endtime="20221011 17:33:47.046"/>
</kw>
<kw name="Press Keycode" library="AppiumLibrary">
<arg>20</arg>
<doc>Sends a press of keycode to the device.</doc>
<status status="PASS" starttime="20221011 17:33:47.046" endtime="20221011 17:33:47.110"/>
</kw>
<kw name="Press Keycode" library="AppiumLibrary">
<arg>20</arg>
<doc>Sends a press of keycode to the device.</doc>
<status status="PASS" starttime="20221011 17:33:47.112" endtime="20221011 17:33:47.733"/>
</kw>
<kw name="Press Keycode" library="AppiumLibrary">
<arg>23</arg>
<doc>Sends a press of keycode to the device.</doc>
<status status="PASS" starttime="20221011 17:33:47.733" endtime="20221011 17:33:48.518"/>
</kw>
<kw name="Wait Until Element Is Visible" library="AppiumLibrary">
<arg>id=android:id/button1</arg>
<doc>Waits until element specified with `locator` is visible.</doc>
<status status="PASS" starttime="20221011 17:33:48.518" endtime="20221011 17:33:50.170"/>
</kw>
<kw name="Element Should Be Visible" library="AppiumLibrary">
<arg>id=android:id/button1</arg>
<arg>YES</arg>
<doc>Verifies that element identified with locator is visible.</doc>
<status status="PASS" starttime="20221011 17:33:50.170" endtime="20221011 17:33:50.312"/>
</kw>
<kw name="Press Keycode" library="AppiumLibrary">
<arg>23</arg>
<doc>Sends a press of keycode to the device.</doc>
<status status="PASS" starttime="20221011 17:33:50.312" endtime="20221011 17:33:50.419"/>
</kw>
<kw name="Press Keycode" library="AppiumLibrary">
<arg>4</arg>
<doc>Sends a press of keycode to the device.</doc>
<status status="PASS" starttime="20221011 17:33:50.419" endtime="20221011 17:33:50.951"/>
</kw>
<kw name="Wait Until Element Is Visible" library="AppiumLibrary">
<arg>id=com.sentrics.engage360:id/tvAppName</arg>
<doc>Waits until element specified with `locator` is visible.</doc>
<status status="PASS" starttime="20221011 17:33:50.953" endtime="20221011 17:33:51.783"/>
</kw>
<kw name="Element Should Be Visible" library="AppiumLibrary">
<arg>id=com.sentrics.engage360:id/tvAppName</arg>
<arg>Back Up / Restore</arg>
<doc>Verifies that element identified with locator is visible.</doc>
<status status="PASS" starttime="20221011 17:33:51.783" endtime="20221011 17:33:51.937"/>
</kw>
<status status="PASS" starttime="20221011 17:33:42.352" endtime="20221011 17:33:51.938"/>
</kw>
<kw name="Reboot Admin Settings" library="Keywords">
<kw name="Press Keycode" library="AppiumLibrary">
<arg>22</arg>
<doc>Sends a press of keycode to the device.</doc>
<status status="PASS" starttime="20221011 17:33:51.940" endtime="20221011 17:33:52.046"/>
</kw>
<kw name="Press Keycode" library="AppiumLibrary">
<arg>20</arg>
<doc>Sends a press of keycode to the device.</doc>
<status status="PASS" starttime="20221011 17:33:52.046" endtime="20221011 17:33:52.645"/>
</kw>
<kw name="Press Keycode" library="AppiumLibrary">
<arg>23</arg>
<doc>Sends a press of keycode to the device.</doc>
<status status="PASS" starttime="20221011 17:33:52.647" endtime="20221011 17:33:53.275"/>
</kw>
<status status="PASS" starttime="20221011 17:33:51.939" endtime="20221011 17:33:53.276"/>
</kw>
<tag>Automation</tag>
<status status="PASS" starttime="20221011 17:33:09.298" endtime="20221011 17:33:53.283"/>
</test>
<kw name="Close All Applications" library="AppiumLibrary" type="TEARDOWN">
<doc>Closes all open applications.</doc>
<status status="PASS" starttime="20221011 17:33:53.293" endtime="20221011 17:33:53.778"/>
</kw>
<status status="PASS" starttime="20221011 17:32:48.589" endtime="20221011 17:33:53.778"/>
</suite>
<statistics>
<total>
<stat pass="1" fail="0" skip="0">All Tests</stat>
</total>
<tag>
<stat pass="1" fail="0" skip="0">Automation</stat>
</tag>
<suite>
<stat pass="1" fail="0" skip="0" id="s1" name="NGG-TC-35-39 Admin Settings">NGG-TC-35-39 Admin Settings</stat>
</suite>
</statistics>
<errors>
</errors>
</robot>
